# JRE version: OpenJDK Runtime Environment (7.0_85-b01) (build 1.7.0_85-b01)
# Java VM: OpenJDK Server VM (24.85-b03 mixed mode linux-x86 )
Heap
 PSYoungGen      total 257792K, used 9018K [0x9db40000, 0xae6c0000, 0xb30c0000)
  eden space 243712K, 0% used [0x9db40000,0x9db40000,0xac940000)
  from space 14080K, 64% used [0xac940000,0xad20ea38,0xad700000)
  to   space 12032K, 0% used [0xad700000,0xad700000,0xae2c0000)
 ParOldGen       total 39936K, used 29453K [0x730c0000, 0x757c0000, 0x9db40000)
  object space 39936K, 73% used [0x730c0000,0x74d83768,0x757c0000)
 PSPermGen       total 16384K, used 5370K [0x6b0c0000, 0x6c0c0000, 0x730c0000)
  object space 16384K, 32% used [0x6b0c0000,0x6b5febc0,0x6c0c0000)
GC Heap History (10 events):
Event: 3.381 GC heap after
Heap after GC invocations=4 (full 0):
 PSYoungGen      total 63744K, used 2292K [0x9db40000, 0xa1bc0000, 0xb30c0000)
  eden space 61440K, 0% used [0x9db40000,0x9db40000,0xa1740000)
  from space 2304K, 99% used [0xa1980000,0xa1bbd020,0xa1bc0000)
  to   space 2304K, 0% used [0xa1740000,0xa1740000,0xa1980000)
 ParOldGen       total 39936K, used 18753K [0x730c0000, 0x757c0000, 0x9db40000)
  object space 39936K, 46% used [0x730c0000,0x74310660,0x757c0000)
 PSPermGen       total 16384K, used 4111K [0x6b0c0000, 0x6c0c0000, 0x730c0000)
  object space 16384K, 25% used [0x6b0c0000,0x6b4c3f40,0x6c0c0000)
}
Event: 7.825 GC heap before
{Heap before GC invocations=5 (full 0):
 PSYoungGen      total 63744K, used 63732K [0x9db40000, 0xa1bc0000, 0xb30c0000)
  eden space 61440K, 100% used [0x9db40000,0xa1740000,0xa1740000)
  from space 2304K, 99% used [0xa1980000,0xa1bbd020,0xa1bc0000)
  to   space 2304K, 0% used [0xa1740000,0xa1740000,0xa1980000)
 ParOldGen       total 39936K, used 18753K [0x730c0000, 0x757c0000, 0x9db40000)
  object space 39936K, 46% used [0x730c0000,0x74310660,0x757c0000)
 PSPermGen       total 16384K, used 5276K [0x6b0c0000, 0x6c0c0000, 0x730c0000)
  object space 16384K, 32% used [0x6b0c0000,0x6b5e72b8,0x6c0c0000)
Event: 7.848 GC heap after
Heap after GC invocations=5 (full 0):
 PSYoungGen      total 63744K, used 2293K [0x9db40000, 0xa6cc0000, 0xb30c0000)
  eden space 61440K, 0% used [0x9db40000,0x9db40000,0xa1740000)
  from space 2304K, 99% used [0xa1740000,0xa197d420,0xa1980000)
  to   space 13056K, 0% used [0xa6000000,0xa6000000,0xa6cc0000)
 ParOldGen       total 39936K, used 26725K [0x730c0000, 0x757c0000, 0x9db40000)
  object space 39936K, 66% used [0x730c0000,0x74ad9708,0x757c0000)
 PSPermGen       total 16384K, used 5276K [0x6b0c0000, 0x6c0c0000, 0x730c0000)
  object space 16384K, 32% used [0x6b0c0000,0x6b5e72b8,0x6c0c0000)
}
Event: 8.262 GC heap before
{Heap before GC invocations=6 (full 0):
 PSYoungGen      total 63744K, used 63733K [0x9db40000, 0xa6cc0000, 0xb30c0000)
  eden space 61440K, 100% used [0x9db40000,0xa1740000,0xa1740000)
  from space 2304K, 99% used [0xa1740000,0xa197d420,0xa1980000)
  to   space 13056K, 0% used [0xa6000000,0xa6000000,0xa6cc0000)
 ParOldGen       total 39936K, used 26725K [0x730c0000, 0x757c0000, 0x9db40000)
  object space 39936K, 66% used [0x730c0000,0x74ad9708,0x757c0000)
 PSPermGen       total 16384K, used 5351K [0x6b0c0000, 0x6c0c0000, 0x730c0000)
  object space 16384K, 32% used [0x6b0c0000,0x6b5f9d78,0x6c0c0000)
Event: 8.286 GC heap after
Heap after GC invocations=6 (full 0):
 PSYoungGen      total 134912K, used 8401K [0x9db40000, 0xa6bc0000, 0xb30c0000)
  eden space 122880K, 0% used [0x9db40000,0x9db40000,0xa5340000)
  from space 12032K, 69% used [0xa6000000,0xa6834498,0xa6bc0000)
  to   space 12544K, 0% used [0xa5340000,0xa5340000,0xa5f80000)
 ParOldGen       total 39936K, used 26725K [0x730c0000, 0x757c0000, 0x9db40000)
  object space 39936K, 66% used [0x730c0000,0x74ad9708,0x757c0000)
 PSPermGen       total 16384K, used 5351K [0x6b0c0000, 0x6c0c0000, 0x730c0000)
  object space 16384K, 32% used [0x6b0c0000,0x6b5f9d78,0x6c0c0000)
}
Event: 8.960 GC heap before
{Heap before GC invocations=7 (full 0):
 PSYoungGen      total 134912K, used 131281K [0x9db40000, 0xa6bc0000, 0xb30c0000)
  eden space 122880K, 100% used [0x9db40000,0xa5340000,0xa5340000)
  from space 12032K, 69% used [0xa6000000,0xa6834498,0xa6bc0000)
  to   space 12544K, 0% used [0xa5340000,0xa5340000,0xa5f80000)
 ParOldGen       total 39936K, used 26725K [0x730c0000, 0x757c0000, 0x9db40000)
  object space 39936K, 66% used [0x730c0000,0x74ad9708,0x757c0000)
 PSPermGen       total 16384K, used 5362K [0x6b0c0000, 0x6c0c0000, 0x730c0000)
  object space 16384K, 32% used [0x6b0c0000,0x6b5fcb50,0x6c0c0000)
Event: 8.983 GC heap after
Heap after GC invocations=7 (full 0):
 PSYoungGen      total 135424K, used 8013K [0x9db40000, 0xae2c0000, 0xb30c0000)
  eden space 122880K, 0% used [0x9db40000,0x9db40000,0xa5340000)
  from space 12544K, 63% used [0xa5340000,0xa5b134a8,0xa5f80000)
  to   space 12032K, 0% used [0xad700000,0xad700000,0xae2c0000)
 ParOldGen       total 39936K, used 27380K [0x730c0000, 0x757c0000, 0x9db40000)
  object space 39936K, 68% used [0x730c0000,0x74b7d2e8,0x757c0000)
 PSPermGen       total 16384K, used 5362K [0x6b0c0000, 0x6c0c0000, 0x730c0000)
  object space 16384K, 32% used [0x6b0c0000,0x6b5fcb50,0x6c0c0000)
}
Event: 9.440 GC heap before
{Heap before GC invocations=8 (full 0):
 PSYoungGen      total 135424K, used 130893K [0x9db40000, 0xae2c0000, 0xb30c0000)
  eden space 122880K, 100% used [0x9db40000,0xa5340000,0xa5340000)
  from space 12544K, 63% used [0xa5340000,0xa5b134a8,0xa5f80000)
  to   space 12032K, 0% used [0xad700000,0xad700000,0xae2c0000)
 ParOldGen       total 39936K, used 27380K [0x730c0000, 0x757c0000, 0x9db40000)
  object space 39936K, 68% used [0x730c0000,0x74b7d2e8,0x757c0000)
 PSPermGen       total 16384K, used 5367K [0x6b0c0000, 0x6c0c0000, 0x730c0000)
  object space 16384K, 32% used [0x6b0c0000,0x6b5fdf18,0x6c0c0000)
Event: 9.469 GC heap after
Heap after GC invocations=8 (full 0):
 PSYoungGen      total 255744K, used 12022K [0x9db40000, 0xae6c0000, 0xb30c0000)
  eden space 243712K, 0% used [0x9db40000,0x9db40000,0xac940000)
  from space 12032K, 99% used [0xad700000,0xae2bd820,0xae2c0000)
  to   space 14080K, 0% used [0xac940000,0xac940000,0xad700000)
 ParOldGen       total 39936K, used 28801K [0x730c0000, 0x757c0000, 0x9db40000)
  object space 39936K, 72% used [0x730c0000,0x74ce05d8,0x757c0000)
 PSPermGen       total 16384K, used 5367K [0x6b0c0000, 0x6c0c0000, 0x730c0000)
  object space 16384K, 32% used [0x6b0c0000,0x6b5fdf18,0x6c0c0000)
}
Event: 10.131 GC heap before
{Heap before GC invocations=9 (full 0):
 PSYoungGen      total 255744K, used 254311K [0x9db40000, 0xae6c0000, 0xb30c0000)
  eden space 243712K, 99% used [0x9db40000,0xac7dc4b0,0xac940000)
  from space 12032K, 99% used [0xad700000,0xae2bd820,0xae2c0000)
  to   space 14080K, 0% used [0xac940000,0xac940000,0xad700000)
 ParOldGen       total 39936K, used 28801K [0x730c0000, 0x757c0000, 0x9db40000)
  object space 39936K, 72% used [0x730c0000,0x74ce05d8,0x757c0000)
 PSPermGen       total 16384K, used 5370K [0x6b0c0000, 0x6c0c0000, 0x730c0000)
  object space 16384K, 32% used [0x6b0c0000,0x6b5febc0,0x6c0c0000)

