# JRE version: OpenJDK Runtime Environment (7.0_85-b01) (build 1.7.0_85-b01)
# Java VM: OpenJDK Server VM (24.85-b03 mixed mode linux-x86 )
Heap
 PSYoungGen      total 68608K, used 7930K [0x9db40000, 0xa26c0000, 0xb30c0000)
  eden space 60672K, 0% used [0x9db40000,0x9db40000,0xa1680000)
  from space 7936K, 99% used [0xa1680000,0xa1e3e808,0xa1e40000)
  to   space 7168K, 0% used [0xa1e40000,0xa1e40000,0xa2540000)
 ParOldGen       total 39936K, used 23946K [0x730c0000, 0x757c0000, 0x9db40000)
  object space 39936K, 59% used [0x730c0000,0x748229b0,0x757c0000)
 PSPermGen       total 16384K, used 4151K [0x6b0c0000, 0x6c0c0000, 0x730c0000)
  object space 16384K, 25% used [0x6b0c0000,0x6b4cddb0,0x6c0c0000)
GC Heap History (10 events):
Event: 2.576 GC heap after
Heap after GC invocations=2 (full 0):
 PSYoungGen      total 17664K, used 2292K [0x9db40000, 0x9fdc0000, 0xb30c0000)
  eden space 15360K, 0% used [0x9db40000,0x9db40000,0x9ea40000)
  from space 2304K, 99% used [0x9ec80000,0x9eebd380,0x9eec0000)
  to   space 2304K, 0% used [0x9ea40000,0x9ea40000,0x9ec80000)
 ParOldGen       total 39936K, used 3984K [0x730c0000, 0x757c0000, 0x9db40000)
  object space 39936K, 9% used [0x730c0000,0x734a41a8,0x757c0000)
 PSPermGen       total 16384K, used 4054K [0x6b0c0000, 0x6c0c0000, 0x730c0000)
  object space 16384K, 24% used [0x6b0c0000,0x6b4b58d0,0x6c0c0000)
}
Event: 3.440 GC heap before
{Heap before GC invocations=3 (full 0):
 PSYoungGen      total 17664K, used 17652K [0x9db40000, 0x9fdc0000, 0xb30c0000)
  eden space 15360K, 100% used [0x9db40000,0x9ea40000,0x9ea40000)
  from space 2304K, 99% used [0x9ec80000,0x9eebd380,0x9eec0000)
  to   space 2304K, 0% used [0x9ea40000,0x9ea40000,0x9ec80000)
 ParOldGen       total 39936K, used 3984K [0x730c0000, 0x757c0000, 0x9db40000)
  object space 39936K, 9% used [0x730c0000,0x734a41a8,0x757c0000)
 PSPermGen       total 16384K, used 4076K [0x6b0c0000, 0x6c0c0000, 0x730c0000)
  object space 16384K, 24% used [0x6b0c0000,0x6b4bb3a0,0x6c0c0000)
Event: 3.475 GC heap after
Heap after GC invocations=3 (full 0):
 PSYoungGen      total 17664K, used 2297K [0x9db40000, 0x9fdc0000, 0xb30c0000)
  eden space 15360K, 0% used [0x9db40000,0x9db40000,0x9ea40000)
  from space 2304K, 99% used [0x9ea40000,0x9ec7e720,0x9ec80000)
  to   space 2304K, 0% used [0x9fb80000,0x9fb80000,0x9fdc0000)
 ParOldGen       total 39936K, used 6094K [0x730c0000, 0x757c0000, 0x9db40000)
  object space 39936K, 15% used [0x730c0000,0x736b3870,0x757c0000)
 PSPermGen       total 16384K, used 4076K [0x6b0c0000, 0x6c0c0000, 0x730c0000)
  object space 16384K, 24% used [0x6b0c0000,0x6b4bb3a0,0x6c0c0000)
}
Event: 4.251 GC heap before
{Heap before GC invocations=4 (full 0):
 PSYoungGen      total 17664K, used 17657K [0x9db40000, 0x9fdc0000, 0xb30c0000)
  eden space 15360K, 100% used [0x9db40000,0x9ea40000,0x9ea40000)
  from space 2304K, 99% used [0x9ea40000,0x9ec7e720,0x9ec80000)
  to   space 2304K, 0% used [0x9fb80000,0x9fb80000,0x9fdc0000)
 ParOldGen       total 39936K, used 6094K [0x730c0000, 0x757c0000, 0x9db40000)
  object space 39936K, 15% used [0x730c0000,0x736b3870,0x757c0000)
 PSPermGen       total 16384K, used 4087K [0x6b0c0000, 0x6c0c0000, 0x730c0000)
  object space 16384K, 24% used [0x6b0c0000,0x6b4bdfb0,0x6c0c0000)
Event: 4.324 GC heap after
Heap after GC invocations=4 (full 0):
 PSYoungGen      total 33024K, used 2293K [0x9db40000, 0x9fdc0000, 0xb30c0000)
  eden space 30720K, 0% used [0x9db40000,0x9db40000,0x9f940000)
  from space 2304K, 99% used [0x9fb80000,0x9fdbd7a8,0x9fdc0000)
  to   space 2304K, 0% used [0x9f940000,0x9f940000,0x9fb80000)
 ParOldGen       total 39936K, used 8929K [0x730c0000, 0x757c0000, 0x9db40000)
  object space 39936K, 22% used [0x730c0000,0x739786f8,0x757c0000)
 PSPermGen       total 16384K, used 4087K [0x6b0c0000, 0x6c0c0000, 0x730c0000)
  object space 16384K, 24% used [0x6b0c0000,0x6b4bdfb0,0x6c0c0000)
}
Event: 5.942 GC heap before
{Heap before GC invocations=5 (full 0):
 PSYoungGen      total 33024K, used 33013K [0x9db40000, 0x9fdc0000, 0xb30c0000)
  eden space 30720K, 100% used [0x9db40000,0x9f940000,0x9f940000)
  from space 2304K, 99% used [0x9fb80000,0x9fdbd7a8,0x9fdc0000)
  to   space 2304K, 0% used [0x9f940000,0x9f940000,0x9fb80000)
 ParOldGen       total 39936K, used 8929K [0x730c0000, 0x757c0000, 0x9db40000)
  object space 39936K, 22% used [0x730c0000,0x739786f8,0x757c0000)
 PSPermGen       total 16384K, used 4105K [0x6b0c0000, 0x6c0c0000, 0x730c0000)
  object space 16384K, 25% used [0x6b0c0000,0x6b4c2418,0x6c0c0000)
Event: 6.055 GC heap after
Heap after GC invocations=5 (full 0):
 PSYoungGen      total 33024K, used 2288K [0x9db40000, 0xa2540000, 0xb30c0000)
  eden space 30720K, 0% used [0x9db40000,0x9db40000,0x9f940000)
  from space 2304K, 99% used [0x9f940000,0x9fb7c0f0,0x9fb80000)
  to   space 7168K, 0% used [0xa1e40000,0xa1e40000,0xa2540000)
 ParOldGen       total 39936K, used 13803K [0x730c0000, 0x757c0000, 0x9db40000)
  object space 39936K, 34% used [0x730c0000,0x73e3af10,0x757c0000)
 PSPermGen       total 16384K, used 4105K [0x6b0c0000, 0x6c0c0000, 0x730c0000)
  object space 16384K, 25% used [0x6b0c0000,0x6b4c2418,0x6c0c0000)
}
Event: 7.416 GC heap before
{Heap before GC invocations=6 (full 0):
 PSYoungGen      total 33024K, used 33008K [0x9db40000, 0xa2540000, 0xb30c0000)
  eden space 30720K, 100% used [0x9db40000,0x9f940000,0x9f940000)
  from space 2304K, 99% used [0x9f940000,0x9fb7c0f0,0x9fb80000)
  to   space 7168K, 0% used [0xa1e40000,0xa1e40000,0xa2540000)
 ParOldGen       total 39936K, used 13803K [0x730c0000, 0x757c0000, 0x9db40000)
  object space 39936K, 34% used [0x730c0000,0x73e3af10,0x757c0000)
 PSPermGen       total 16384K, used 4120K [0x6b0c0000, 0x6c0c0000, 0x730c0000)
  object space 16384K, 25% used [0x6b0c0000,0x6b4c6138,0x6c0c0000)
Event: 7.485 GC heap after
Heap after GC invocations=6 (full 0):
 PSYoungGen      total 67840K, used 7160K [0x9db40000, 0xa26c0000, 0xb30c0000)
  eden space 60672K, 0% used [0x9db40000,0x9db40000,0xa1680000)
  from space 7168K, 99% used [0xa1e40000,0xa253e0f0,0xa2540000)
  to   space 7936K, 0% used [0xa1680000,0xa1680000,0xa1e40000)
 ParOldGen       total 39936K, used 13832K [0x730c0000, 0x757c0000, 0x9db40000)
  object space 39936K, 34% used [0x730c0000,0x73e423b8,0x757c0000)
 PSPermGen       total 16384K, used 4120K [0x6b0c0000, 0x6c0c0000, 0x730c0000)
  object space 16384K, 25% used [0x6b0c0000,0x6b4c6138,0x6c0c0000)
}
Event: 10.662 GC heap before
{Heap before GC invocations=7 (full 0):
 PSYoungGen      total 67840K, used 67832K [0x9db40000, 0xa26c0000, 0xb30c0000)
  eden space 60672K, 100% used [0x9db40000,0xa1680000,0xa1680000)
  from space 7168K, 99% used [0xa1e40000,0xa253e0f0,0xa2540000)
  to   space 7936K, 0% used [0xa1680000,0xa1680000,0xa1e40000)
 ParOldGen       total 39936K, used 13832K [0x730c0000, 0x757c0000, 0x9db40000)
  object space 39936K, 34% used [0x730c0000,0x73e423b8,0x757c0000)
 PSPermGen       total 16384K, used 4151K [0x6b0c0000, 0x6c0c0000, 0x730c0000)
  object space 16384K, 25% used [0x6b0c0000,0x6b4cddb0,0x6c0c0000)

