# JRE version: OpenJDK Runtime Environment (7.0_85-b01) (build 1.7.0_85-b01)
# Java VM: OpenJDK Server VM (24.85-b03 mixed mode linux-x86 )
Heap
 PSYoungGen      total 63744K, used 2304K [0x9db00000, 0xa1b80000, 0xb3080000)
  eden space 61440K, 0% used [0x9db00000,0x9db00000,0xa1700000)
  from space 2304K, 100% used [0xa1700000,0xa1940000,0xa1940000)
  to   space 2304K, 0% used [0xa1940000,0xa1940000,0xa1b80000)
 ParOldGen       total 73728K, used 55857K [0x73080000, 0x77880000, 0x9db00000)
  object space 73728K, 75% used [0x73080000,0x7670c5e0,0x77880000)
 PSPermGen       total 16384K, used 4105K [0x6b080000, 0x6c080000, 0x73080000)
  object space 16384K, 25% used [0x6b080000,0x6b482468,0x6c080000)
GC Heap History (10 events):
Event: 1.350 GC heap after
Heap after GC invocations=1 (full 0):
 PSYoungGen      total 17664K, used 2292K [0x9db00000, 0x9fd80000, 0xb3080000)
  eden space 15360K, 0% used [0x9db00000,0x9db00000,0x9ea00000)
  from space 2304K, 99% used [0x9ea00000,0x9ec3d030,0x9ec40000)
  to   space 2304K, 0% used [0x9fb40000,0x9fb40000,0x9fd80000)
 ParOldGen       total 39936K, used 2110K [0x73080000, 0x75780000, 0x9db00000)
  object space 39936K, 5% used [0x73080000,0x7328fad8,0x75780000)
 PSPermGen       total 16384K, used 3954K [0x6b080000, 0x6c080000, 0x73080000)
  object space 16384K, 24% used [0x6b080000,0x6b45c858,0x6c080000)
}
Event: 2.287 GC heap before
{Heap before GC invocations=2 (full 0):
 PSYoungGen      total 17664K, used 17652K [0x9db00000, 0x9fd80000, 0xb3080000)
  eden space 15360K, 100% used [0x9db00000,0x9ea00000,0x9ea00000)
  from space 2304K, 99% used [0x9ea00000,0x9ec3d030,0x9ec40000)
  to   space 2304K, 0% used [0x9fb40000,0x9fb40000,0x9fd80000)
 ParOldGen       total 39936K, used 2110K [0x73080000, 0x75780000, 0x9db00000)
  object space 39936K, 5% used [0x73080000,0x7328fad8,0x75780000)
 PSPermGen       total 16384K, used 4056K [0x6b080000, 0x6c080000, 0x73080000)
  object space 16384K, 24% used [0x6b080000,0x6b476268,0x6c080000)
Event: 2.324 GC heap after
Heap after GC invocations=2 (full 0):
 PSYoungGen      total 33024K, used 2303K [0x9db00000, 0x9fd80000, 0xb3080000)
  eden space 30720K, 0% used [0x9db00000,0x9db00000,0x9f900000)
  from space 2304K, 99% used [0x9fb40000,0x9fd7fdb8,0x9fd80000)
  to   space 2304K, 0% used [0x9f900000,0x9f900000,0x9fb40000)
 ParOldGen       total 39936K, used 5347K [0x73080000, 0x75780000, 0x9db00000)
  object space 39936K, 13% used [0x73080000,0x735b8e30,0x75780000)
 PSPermGen       total 16384K, used 4056K [0x6b080000, 0x6c080000, 0x73080000)
  object space 16384K, 24% used [0x6b080000,0x6b476268,0x6c080000)
}
Event: 4.043 GC heap before
{Heap before GC invocations=3 (full 0):
 PSYoungGen      total 33024K, used 33023K [0x9db00000, 0x9fd80000, 0xb3080000)
  eden space 30720K, 100% used [0x9db00000,0x9f900000,0x9f900000)
  from space 2304K, 99% used [0x9fb40000,0x9fd7fdb8,0x9fd80000)
  to   space 2304K, 0% used [0x9f900000,0x9f900000,0x9fb40000)
 ParOldGen       total 39936K, used 5347K [0x73080000, 0x75780000, 0x9db00000)
  object space 39936K, 13% used [0x73080000,0x735b8e30,0x75780000)
 PSPermGen       total 16384K, used 4086K [0x6b080000, 0x6c080000, 0x73080000)
  object space 16384K, 24% used [0x6b080000,0x6b47d850,0x6c080000)
Event: 4.120 GC heap after
Heap after GC invocations=3 (full 0):
 PSYoungGen      total 33024K, used 2303K [0x9db00000, 0xa1b80000, 0xb3080000)
  eden space 30720K, 0% used [0x9db00000,0x9db00000,0x9f900000)
  from space 2304K, 99% used [0x9f900000,0x9fb3fca8,0x9fb40000)
  to   space 2304K, 0% used [0xa1940000,0xa1940000,0xa1b80000)
 ParOldGen       total 39936K, used 13155K [0x73080000, 0x75780000, 0x9db00000)
  object space 39936K, 32% used [0x73080000,0x73d58e08,0x75780000)
 PSPermGen       total 16384K, used 4086K [0x6b080000, 0x6c080000, 0x73080000)
  object space 16384K, 24% used [0x6b080000,0x6b47d850,0x6c080000)
}
Event: 4.963 GC heap before
{Heap before GC invocations=4 (full 0):
 PSYoungGen      total 33024K, used 33023K [0x9db00000, 0xa1b80000, 0xb3080000)
  eden space 30720K, 100% used [0x9db00000,0x9f900000,0x9f900000)
  from space 2304K, 99% used [0x9f900000,0x9fb3fca8,0x9fb40000)
  to   space 2304K, 0% used [0xa1940000,0xa1940000,0xa1b80000)
 ParOldGen       total 39936K, used 13155K [0x73080000, 0x75780000, 0x9db00000)
  object space 39936K, 32% used [0x73080000,0x73d58e08,0x75780000)
 PSPermGen       total 16384K, used 4099K [0x6b080000, 0x6c080000, 0x73080000)
  object space 16384K, 25% used [0x6b080000,0x6b480fc0,0x6c080000)
Event: 5.100 GC heap after
Heap after GC invocations=4 (full 0):
 PSYoungGen      total 63744K, used 2292K [0x9db00000, 0xa1b80000, 0xb3080000)
  eden space 61440K, 0% used [0x9db00000,0x9db00000,0xa1700000)
  from space 2304K, 99% used [0xa1940000,0xa1b7d158,0xa1b80000)
  to   space 2304K, 0% used [0xa1700000,0xa1700000,0xa1940000)
 ParOldGen       total 39936K, used 34028K [0x73080000, 0x75780000, 0x9db00000)
  object space 39936K, 85% used [0x73080000,0x751bb030,0x75780000)
 PSPermGen       total 16384K, used 4099K [0x6b080000, 0x6c080000, 0x73080000)
  object space 16384K, 25% used [0x6b080000,0x6b480fc0,0x6c080000)
}
Event: 5.138 GC heap before
{Heap before GC invocations=5 (full 1):
 PSYoungGen      total 63744K, used 2292K [0x9db00000, 0xa1b80000, 0xb3080000)
  eden space 61440K, 0% used [0x9db00000,0x9db00000,0xa1700000)
  from space 2304K, 99% used [0xa1940000,0xa1b7d158,0xa1b80000)
  to   space 2304K, 0% used [0xa1700000,0xa1700000,0xa1940000)
 ParOldGen       total 39936K, used 34028K [0x73080000, 0x75780000, 0x9db00000)
  object space 39936K, 85% used [0x73080000,0x751bb030,0x75780000)
 PSPermGen       total 16384K, used 4099K [0x6b080000, 0x6c080000, 0x73080000)
  object space 16384K, 25% used [0x6b080000,0x6b480fc0,0x6c080000)
Event: 5.672 GC heap after
Heap after GC invocations=5 (full 1):
 PSYoungGen      total 63744K, used 0K [0x9db00000, 0xa1b80000, 0xb3080000)
  eden space 61440K, 0% used [0x9db00000,0x9db00000,0xa1700000)
  from space 2304K, 0% used [0xa1940000,0xa1940000,0xa1b80000)
  to   space 2304K, 0% used [0xa1700000,0xa1700000,0xa1940000)
 ParOldGen       total 73728K, used 27892K [0x73080000, 0x77880000, 0x9db00000)
  object space 73728K, 37% used [0x73080000,0x74bbd328,0x77880000)
 PSPermGen       total 16384K, used 4098K [0x6b080000, 0x6c080000, 0x73080000)
  object space 16384K, 25% used [0x6b080000,0x6b480870,0x6c080000)
}
Event: 6.276 GC heap before
{Heap before GC invocations=6 (full 1):
 PSYoungGen      total 63744K, used 61440K [0x9db00000, 0xa1b80000, 0xb3080000)
  eden space 61440K, 100% used [0x9db00000,0xa1700000,0xa1700000)
  from space 2304K, 0% used [0xa1940000,0xa1940000,0xa1b80000)
  to   space 2304K, 0% used [0xa1700000,0xa1700000,0xa1940000)
 ParOldGen       total 73728K, used 27892K [0x73080000, 0x77880000, 0x9db00000)
  object space 73728K, 37% used [0x73080000,0x74bbd328,0x77880000)
 PSPermGen       total 16384K, used 4105K [0x6b080000, 0x6c080000, 0x73080000)
  object space 16384K, 25% used [0x6b080000,0x6b482468,0x6c080000)

