# JRE version: OpenJDK Runtime Environment (7.0_85-b01) (build 1.7.0_85-b01)
# Java VM: OpenJDK Server VM (24.85-b03 mixed mode linux-x86 )
Heap
 PSYoungGen      total 202240K, used 16374K [0x9db80000, 0xab140000, 0xb3100000)
  eden space 185856K, 0% used [0x9db80000,0x9db80000,0xa9100000)
  from space 16384K, 99% used [0xa9100000,0xaa0fdb90,0xaa100000)
  to   space 16128K, 0% used [0xaa100000,0xaa100000,0xab0c0000)
 ParOldGen       total 48640K, used 23634K [0x73100000, 0x76080000, 0x9db80000)
  object space 48640K, 48% used [0x73100000,0x74814a10,0x76080000)
 PSPermGen       total 16384K, used 5372K [0x6b100000, 0x6c100000, 0x73100000)
  object space 16384K, 32% used [0x6b100000,0x6b63f298,0x6c100000)
GC Heap History (10 events):
Event: 7.053 GC heap after
Heap after GC invocations=7 (full 0):
 PSYoungGen      total 70656K, used 10994K [0x9db80000, 0xa6a80000, 0xb3100000)
  eden space 59648K, 0% used [0x9db80000,0x9db80000,0xa15c0000)
  from space 11008K, 99% used [0xa15c0000,0xa207ca30,0xa2080000)
  to   space 13568K, 0% used [0xa5d40000,0xa5d40000,0xa6a80000)
 ParOldGen       total 39936K, used 21041K [0x73100000, 0x75800000, 0x9db80000)
  object space 39936K, 52% used [0x73100000,0x7458c4f0,0x75800000)
 PSPermGen       total 16384K, used 5289K [0x6b100000, 0x6c100000, 0x73100000)
  object space 16384K, 32% used [0x6b100000,0x6b62a428,0x6c100000)
}
Event: 7.406 GC heap before
{Heap before GC invocations=8 (full 0):
 PSYoungGen      total 70656K, used 70642K [0x9db80000, 0xa6a80000, 0xb3100000)
  eden space 59648K, 100% used [0x9db80000,0xa15c0000,0xa15c0000)
  from space 11008K, 99% used [0xa15c0000,0xa207ca30,0xa2080000)
  to   space 13568K, 0% used [0xa5d40000,0xa5d40000,0xa6a80000)
 ParOldGen       total 39936K, used 21041K [0x73100000, 0x75800000, 0x9db80000)
  object space 39936K, 52% used [0x73100000,0x7458c4f0,0x75800000)
 PSPermGen       total 16384K, used 5360K [0x6b100000, 0x6c100000, 0x73100000)
  object space 16384K, 32% used [0x6b100000,0x6b63c0b0,0x6c100000)
Event: 7.481 GC heap after
Heap after GC invocations=8 (full 0):
 PSYoungGen      total 129792K, used 13552K [0x9db80000, 0xa7080000, 0xb3100000)
  eden space 116224K, 0% used [0x9db80000,0x9db80000,0xa4d00000)
  from space 13568K, 99% used [0xa5d40000,0xa6a7c3f8,0xa6a80000)
  to   space 16640K, 0% used [0xa4d00000,0xa4d00000,0xa5d40000)
 ParOldGen       total 39936K, used 23946K [0x73100000, 0x75800000, 0x9db80000)
  object space 39936K, 59% used [0x73100000,0x74862aa0,0x75800000)
 PSPermGen       total 16384K, used 5360K [0x6b100000, 0x6c100000, 0x73100000)
  object space 16384K, 32% used [0x6b100000,0x6b63c0b0,0x6c100000)
}
Event: 8.069 GC heap before
{Heap before GC invocations=9 (full 0):
 PSYoungGen      total 129792K, used 129743K [0x9db80000, 0xa7080000, 0xb3100000)
  eden space 116224K, 99% used [0x9db80000,0xa4cf7888,0xa4d00000)
  from space 13568K, 99% used [0xa5d40000,0xa6a7c3f8,0xa6a80000)
  to   space 16640K, 0% used [0xa4d00000,0xa4d00000,0xa5d40000)
 ParOldGen       total 39936K, used 23946K [0x73100000, 0x75800000, 0x9db80000)
  object space 39936K, 59% used [0x73100000,0x74862aa0,0x75800000)
 PSPermGen       total 16384K, used 5369K [0x6b100000, 0x6c100000, 0x73100000)
  object space 16384K, 32% used [0x6b100000,0x6b63e710,0x6c100000)
Event: 8.086 GC heap after
Heap after GC invocations=9 (full 0):
 PSYoungGen      total 132864K, used 9447K [0x9db80000, 0xab0c0000, 0xb3100000)
  eden space 116224K, 0% used [0x9db80000,0x9db80000,0xa4d00000)
  from space 16640K, 56% used [0xa4d00000,0xa5639d58,0xa5d40000)
  to   space 16128K, 0% used [0xaa100000,0xaa100000,0xab0c0000)
 ParOldGen       total 39936K, used 30533K [0x73100000, 0x75800000, 0x9db80000)
  object space 39936K, 76% used [0x73100000,0x74ed15a8,0x75800000)
 PSPermGen       total 16384K, used 5369K [0x6b100000, 0x6c100000, 0x73100000)
  object space 16384K, 32% used [0x6b100000,0x6b63e710,0x6c100000)
}
Event: 8.359 GC heap before
{Heap before GC invocations=10 (full 0):
 PSYoungGen      total 132864K, used 124470K [0x9db80000, 0xab0c0000, 0xb3100000)
  eden space 116224K, 98% used [0x9db80000,0xa4bd3cb8,0xa4d00000)
  from space 16640K, 56% used [0xa4d00000,0xa5639d58,0xa5d40000)
  to   space 16128K, 0% used [0xaa100000,0xaa100000,0xab0c0000)
 ParOldGen       total 39936K, used 30533K [0x73100000, 0x75800000, 0x9db80000)
  object space 39936K, 76% used [0x73100000,0x74ed15a8,0x75800000)
 PSPermGen       total 16384K, used 5372K [0x6b100000, 0x6c100000, 0x73100000)
  object space 16384K, 32% used [0x6b100000,0x6b63f010,0x6c100000)
Event: 8.369 GC heap after
Heap after GC invocations=10 (full 0):
 PSYoungGen      total 201984K, used 3114K [0x9db80000, 0xab140000, 0xb3100000)
  eden space 185856K, 0% used [0x9db80000,0x9db80000,0xa9100000)
  from space 16128K, 19% used [0xaa100000,0xaa40a9d0,0xab0c0000)
  to   space 16384K, 0% used [0xa9100000,0xa9100000,0xaa100000)
 ParOldGen       total 39936K, used 35433K [0x73100000, 0x75800000, 0x9db80000)
  object space 39936K, 88% used [0x73100000,0x7539a488,0x75800000)
 PSPermGen       total 16384K, used 5372K [0x6b100000, 0x6c100000, 0x73100000)
  object space 16384K, 32% used [0x6b100000,0x6b63f010,0x6c100000)
}
Event: 8.369 GC heap before
{Heap before GC invocations=11 (full 1):
 PSYoungGen      total 201984K, used 3114K [0x9db80000, 0xab140000, 0xb3100000)
  eden space 185856K, 0% used [0x9db80000,0x9db80000,0xa9100000)
  from space 16128K, 19% used [0xaa100000,0xaa40a9d0,0xab0c0000)
  to   space 16384K, 0% used [0xa9100000,0xa9100000,0xaa100000)
 ParOldGen       total 39936K, used 35433K [0x73100000, 0x75800000, 0x9db80000)
  object space 39936K, 88% used [0x73100000,0x7539a488,0x75800000)
 PSPermGen       total 16384K, used 5372K [0x6b100000, 0x6c100000, 0x73100000)
  object space 16384K, 32% used [0x6b100000,0x6b63f010,0x6c100000)
Event: 8.478 GC heap after
Heap after GC invocations=11 (full 1):
 PSYoungGen      total 201984K, used 0K [0x9db80000, 0xab140000, 0xb3100000)
  eden space 185856K, 0% used [0x9db80000,0x9db80000,0xa9100000)
  from space 16128K, 0% used [0xaa100000,0xaa100000,0xab0c0000)
  to   space 16384K, 0% used [0xa9100000,0xa9100000,0xaa100000)
 ParOldGen       total 48640K, used 22371K [0x73100000, 0x76080000, 0x9db80000)
  object space 48640K, 45% used [0x73100000,0x746d8f18,0x76080000)
 PSPermGen       total 16384K, used 5369K [0x6b100000, 0x6c100000, 0x73100000)
  object space 16384K, 32% used [0x6b100000,0x6b63e708,0x6c100000)
}
Event: 8.840 GC heap before
{Heap before GC invocations=12 (full 1):
 PSYoungGen      total 201984K, used 185856K [0x9db80000, 0xab140000, 0xb3100000)
  eden space 185856K, 100% used [0x9db80000,0xa9100000,0xa9100000)
  from space 16128K, 0% used [0xaa100000,0xaa100000,0xab0c0000)
  to   space 16384K, 0% used [0xa9100000,0xa9100000,0xaa100000)
 ParOldGen       total 48640K, used 22371K [0x73100000, 0x76080000, 0x9db80000)
  object space 48640K, 45% used [0x73100000,0x746d8f18,0x76080000)
 PSPermGen       total 16384K, used 5372K [0x6b100000, 0x6c100000, 0x73100000)
  object space 16384K, 32% used [0x6b100000,0x6b63f298,0x6c100000)

