# JRE version: OpenJDK Runtime Environment (7.0_85-b01) (build 1.7.0_85-b01)
# Java VM: OpenJDK Server VM (24.85-b03 mixed mode linux-x86 )
Heap
 PSYoungGen      total 328960K, used 0K [0x9db40000, 0xb30c0000, 0xb30c0000)
  eden space 308224K, 0% used [0x9db40000,0x9db40000,0xb0840000)
  from space 20736K, 0% used [0xb0840000,0xb0840000,0xb1c80000)
  to   space 20736K, 0% used [0xb1c80000,0xb1c80000,0xb30c0000)
 ParOldGen       total 55040K, used 47308K [0x730c0000, 0x76680000, 0x9db40000)
  object space 55040K, 85% used [0x730c0000,0x75ef3168,0x76680000)
 PSPermGen       total 16384K, used 5372K [0x6b0c0000, 0x6c0c0000, 0x730c0000)
  object space 16384K, 32% used [0x6b0c0000,0x6b5ff038,0x6c0c0000)
GC Heap History (10 events):
Event: 13.724 GC heap after
Heap after GC invocations=12 (full 1):
 PSYoungGen      total 201728K, used 0K [0x9db40000, 0xb1ac0000, 0xb30c0000)
  eden space 188160K, 0% used [0x9db40000,0x9db40000,0xa9300000)
  from space 13568K, 0% used [0xa9300000,0xa9300000,0xaa040000)
  to   space 13056K, 0% used [0xb0e00000,0xb0e00000,0xb1ac0000)
 ParOldGen       total 55040K, used 25710K [0x730c0000, 0x76680000, 0x9db40000)
  object space 55040K, 46% used [0x730c0000,0x749dbab8,0x76680000)
 PSPermGen       total 16384K, used 5368K [0x6b0c0000, 0x6c0c0000, 0x730c0000)
  object space 16384K, 32% used [0x6b0c0000,0x6b5fe1c0,0x6c0c0000)
}
Event: 14.216 GC heap before
{Heap before GC invocations=13 (full 1):
 PSYoungGen      total 201728K, used 185031K [0x9db40000, 0xb1ac0000, 0xb30c0000)
  eden space 188160K, 98% used [0x9db40000,0xa8ff1d20,0xa9300000)
  from space 13568K, 0% used [0xa9300000,0xa9300000,0xaa040000)
  to   space 13056K, 0% used [0xb0e00000,0xb0e00000,0xb1ac0000)
 ParOldGen       total 55040K, used 25710K [0x730c0000, 0x76680000, 0x9db40000)
  object space 55040K, 46% used [0x730c0000,0x749dbab8,0x76680000)
 PSPermGen       total 16384K, used 5369K [0x6b0c0000, 0x6c0c0000, 0x730c0000)
  object space 16384K, 32% used [0x6b0c0000,0x6b5fe508,0x6c0c0000)
Event: 14.246 GC heap after
Heap after GC invocations=13 (full 1):
 PSYoungGen      total 282368K, used 12697K [0x9db40000, 0xb1a80000, 0xb30c0000)
  eden space 269568K, 0% used [0x9db40000,0x9db40000,0xae280000)
  from space 12800K, 99% used [0xb0e00000,0xb1a66438,0xb1a80000)
  to   space 14336K, 0% used [0xafe80000,0xafe80000,0xb0c80000)
 ParOldGen       total 55040K, used 25710K [0x730c0000, 0x76680000, 0x9db40000)
  object space 55040K, 46% used [0x730c0000,0x749dbab8,0x76680000)
 PSPermGen       total 16384K, used 5369K [0x6b0c0000, 0x6c0c0000, 0x730c0000)
  object space 16384K, 32% used [0x6b0c0000,0x6b5fe508,0x6c0c0000)
}
Event: 14.995 GC heap before
{Heap before GC invocations=14 (full 1):
 PSYoungGen      total 282368K, used 282265K [0x9db40000, 0xb1a80000, 0xb30c0000)
  eden space 269568K, 100% used [0x9db40000,0xae280000,0xae280000)
  from space 12800K, 99% used [0xb0e00000,0xb1a66438,0xb1a80000)
  to   space 14336K, 0% used [0xafe80000,0xafe80000,0xb0c80000)
 ParOldGen       total 55040K, used 25710K [0x730c0000, 0x76680000, 0x9db40000)
  object space 55040K, 46% used [0x730c0000,0x749dbab8,0x76680000)
 PSPermGen       total 16384K, used 5369K [0x6b0c0000, 0x6c0c0000, 0x730c0000)
  object space 16384K, 32% used [0x6b0c0000,0x6b5fe678,0x6c0c0000)
Event: 15.024 GC heap after
Heap after GC invocations=14 (full 1):
 PSYoungGen      total 312576K, used 14326K [0x9db40000, 0xb30c0000, 0xb30c0000)
  eden space 298240K, 0% used [0x9db40000,0x9db40000,0xafe80000)
  from space 14336K, 99% used [0xafe80000,0xb0c7db10,0xb0c80000)
  to   space 19200K, 0% used [0xb1e00000,0xb1e00000,0xb30c0000)
 ParOldGen       total 55040K, used 33974K [0x730c0000, 0x76680000, 0x9db40000)
  object space 55040K, 61% used [0x730c0000,0x751ed960,0x76680000)
 PSPermGen       total 16384K, used 5369K [0x6b0c0000, 0x6c0c0000, 0x730c0000)
  object space 16384K, 32% used [0x6b0c0000,0x6b5fe678,0x6c0c0000)
}
Event: 29.632 GC heap before
{Heap before GC invocations=15 (full 1):
 PSYoungGen      total 312576K, used 312566K [0x9db40000, 0xb30c0000, 0xb30c0000)
  eden space 298240K, 100% used [0x9db40000,0xafe80000,0xafe80000)
  from space 14336K, 99% used [0xafe80000,0xb0c7db10,0xb0c80000)
  to   space 19200K, 0% used [0xb1e00000,0xb1e00000,0xb30c0000)
 ParOldGen       total 55040K, used 33974K [0x730c0000, 0x76680000, 0x9db40000)
  object space 55040K, 61% used [0x730c0000,0x751ed960,0x76680000)
 PSPermGen       total 16384K, used 5371K [0x6b0c0000, 0x6c0c0000, 0x730c0000)
  object space 16384K, 32% used [0x6b0c0000,0x6b5fed60,0x6c0c0000)
Event: 38.980 GC heap after
Heap after GC invocations=15 (full 1):
 PSYoungGen      total 327424K, used 16559K [0x9db40000, 0xb30c0000, 0xb30c0000)
  eden space 308224K, 0% used [0x9db40000,0x9db40000,0xb0840000)
  from space 19200K, 86% used [0xb1e00000,0xb2e2bcd8,0xb30c0000)
  to   space 20736K, 0% used [0xb0840000,0xb0840000,0xb1c80000)
 ParOldGen       total 55040K, used 35663K [0x730c0000, 0x76680000, 0x9db40000)
  object space 55040K, 64% used [0x730c0000,0x75393f20,0x76680000)
 PSPermGen       total 16384K, used 5371K [0x6b0c0000, 0x6c0c0000, 0x730c0000)
  object space 16384K, 32% used [0x6b0c0000,0x6b5fed60,0x6c0c0000)
}
Event: 55.076 GC heap before
{Heap before GC invocations=16 (full 1):
 PSYoungGen      total 327424K, used 324783K [0x9db40000, 0xb30c0000, 0xb30c0000)
  eden space 308224K, 100% used [0x9db40000,0xb0840000,0xb0840000)
  from space 19200K, 86% used [0xb1e00000,0xb2e2bcd8,0xb30c0000)
  to   space 20736K, 0% used [0xb0840000,0xb0840000,0xb1c80000)
 ParOldGen       total 55040K, used 35663K [0x730c0000, 0x76680000, 0x9db40000)
  object space 55040K, 64% used [0x730c0000,0x75393f20,0x76680000)
 PSPermGen       total 16384K, used 5372K [0x6b0c0000, 0x6c0c0000, 0x730c0000)
  object space 16384K, 32% used [0x6b0c0000,0x6b5ff038,0x6c0c0000)
Event: 57.619 GC heap after
Heap after GC invocations=16 (full 1):
 PSYoungGen      total 328960K, used 20720K [0x9db40000, 0xb30c0000, 0xb30c0000)
  eden space 308224K, 0% used [0x9db40000,0x9db40000,0xb0840000)
  from space 20736K, 99% used [0xb0840000,0xb1c7c0a0,0xb1c80000)
  to   space 20736K, 0% used [0xb1c80000,0xb1c80000,0xb30c0000)
 ParOldGen       total 55040K, used 43901K [0x730c0000, 0x76680000, 0x9db40000)
  object space 55040K, 79% used [0x730c0000,0x75b9f4e0,0x76680000)
 PSPermGen       total 16384K, used 5372K [0x6b0c0000, 0x6c0c0000, 0x730c0000)
  object space 16384K, 32% used [0x6b0c0000,0x6b5ff038,0x6c0c0000)
}
Event: 59.128 GC heap before
{Heap before GC invocations=17 (full 2):
 PSYoungGen      total 328960K, used 20720K [0x9db40000, 0xb30c0000, 0xb30c0000)
  eden space 308224K, 0% used [0x9db40000,0x9db40000,0xb0840000)
  from space 20736K, 99% used [0xb0840000,0xb1c7c0a0,0xb1c80000)
  to   space 20736K, 0% used [0xb1c80000,0xb1c80000,0xb30c0000)
 ParOldGen       total 55040K, used 43901K [0x730c0000, 0x76680000, 0x9db40000)
  object space 55040K, 79% used [0x730c0000,0x75b9f4e0,0x76680000)
 PSPermGen       total 16384K, used 5372K [0x6b0c0000, 0x6c0c0000, 0x730c0000)
  object space 16384K, 32% used [0x6b0c0000,0x6b5ff038,0x6c0c0000)

