# JRE version: OpenJDK Runtime Environment (7.0_85-b01) (build 1.7.0_85-b01)
# Java VM: OpenJDK Server VM (24.85-b03 mixed mode linux-x86 )
Heap
 PSYoungGen      total 68864K, used 8432K [0x9dac0000, 0xa2740000, 0xb3040000)
  eden space 60416K, 0% used [0x9dac0000,0x9dac0000,0xa15c0000)
  from space 8448K, 99% used [0xa15c0000,0xa1dfc158,0xa1e00000)
  to   space 7424K, 0% used [0xa1e00000,0xa1e00000,0xa2540000)
 ParOldGen       total 39936K, used 24175K [0x73040000, 0x75740000, 0x9dac0000)
  object space 39936K, 60% used [0x73040000,0x747dbd20,0x75740000)
 PSPermGen       total 16384K, used 4149K [0x6b040000, 0x6c040000, 0x73040000)
  object space 16384K, 25% used [0x6b040000,0x6b44d6c8,0x6c040000)
GC Heap History (10 events):
Event: 2.948 GC heap after
Heap after GC invocations=2 (full 0):
 PSYoungGen      total 17664K, used 2297K [0x9dac0000, 0x9fd40000, 0xb3040000)
  eden space 15360K, 0% used [0x9dac0000,0x9dac0000,0x9e9c0000)
  from space 2304K, 99% used [0x9ec00000,0x9ee3e730,0x9ee40000)
  to   space 2304K, 0% used [0x9e9c0000,0x9e9c0000,0x9ec00000)
 ParOldGen       total 39936K, used 3953K [0x73040000, 0x75740000, 0x9dac0000)
  object space 39936K, 9% used [0x73040000,0x7341c508,0x75740000)
 PSPermGen       total 16384K, used 4055K [0x6b040000, 0x6c040000, 0x73040000)
  object space 16384K, 24% used [0x6b040000,0x6b435d48,0x6c040000)
}
Event: 3.743 GC heap before
{Heap before GC invocations=3 (full 0):
 PSYoungGen      total 17664K, used 17657K [0x9dac0000, 0x9fd40000, 0xb3040000)
  eden space 15360K, 100% used [0x9dac0000,0x9e9c0000,0x9e9c0000)
  from space 2304K, 99% used [0x9ec00000,0x9ee3e730,0x9ee40000)
  to   space 2304K, 0% used [0x9e9c0000,0x9e9c0000,0x9ec00000)
 ParOldGen       total 39936K, used 3953K [0x73040000, 0x75740000, 0x9dac0000)
  object space 39936K, 9% used [0x73040000,0x7341c508,0x75740000)
 PSPermGen       total 16384K, used 4078K [0x6b040000, 0x6c040000, 0x73040000)
  object space 16384K, 24% used [0x6b040000,0x6b43b880,0x6c040000)
Event: 3.778 GC heap after
Heap after GC invocations=3 (full 0):
 PSYoungGen      total 17664K, used 2296K [0x9dac0000, 0x9fd40000, 0xb3040000)
  eden space 15360K, 0% used [0x9dac0000,0x9dac0000,0x9e9c0000)
  from space 2304K, 99% used [0x9e9c0000,0x9ebfe220,0x9ec00000)
  to   space 2304K, 0% used [0x9fb00000,0x9fb00000,0x9fd40000)
 ParOldGen       total 39936K, used 6715K [0x73040000, 0x75740000, 0x9dac0000)
  object space 39936K, 16% used [0x73040000,0x736ced80,0x75740000)
 PSPermGen       total 16384K, used 4078K [0x6b040000, 0x6c040000, 0x73040000)
  object space 16384K, 24% used [0x6b040000,0x6b43b880,0x6c040000)
}
Event: 4.716 GC heap before
{Heap before GC invocations=4 (full 0):
 PSYoungGen      total 17664K, used 17656K [0x9dac0000, 0x9fd40000, 0xb3040000)
  eden space 15360K, 100% used [0x9dac0000,0x9e9c0000,0x9e9c0000)
  from space 2304K, 99% used [0x9e9c0000,0x9ebfe220,0x9ec00000)
  to   space 2304K, 0% used [0x9fb00000,0x9fb00000,0x9fd40000)
 ParOldGen       total 39936K, used 6715K [0x73040000, 0x75740000, 0x9dac0000)
  object space 39936K, 16% used [0x73040000,0x736ced80,0x75740000)
 PSPermGen       total 16384K, used 4087K [0x6b040000, 0x6c040000, 0x73040000)
  object space 16384K, 24% used [0x6b040000,0x6b43de90,0x6c040000)
Event: 4.787 GC heap after
Heap after GC invocations=4 (full 0):
 PSYoungGen      total 33024K, used 2289K [0x9dac0000, 0x9fd40000, 0xb3040000)
  eden space 30720K, 0% used [0x9dac0000,0x9dac0000,0x9f8c0000)
  from space 2304K, 99% used [0x9fb00000,0x9fd3c630,0x9fd40000)
  to   space 2304K, 0% used [0x9f8c0000,0x9f8c0000,0x9fb00000)
 ParOldGen       total 39936K, used 9447K [0x73040000, 0x75740000, 0x9dac0000)
  object space 39936K, 23% used [0x73040000,0x73979df0,0x75740000)
 PSPermGen       total 16384K, used 4087K [0x6b040000, 0x6c040000, 0x73040000)
  object space 16384K, 24% used [0x6b040000,0x6b43de90,0x6c040000)
}
Event: 6.564 GC heap before
{Heap before GC invocations=5 (full 0):
 PSYoungGen      total 33024K, used 33009K [0x9dac0000, 0x9fd40000, 0xb3040000)
  eden space 30720K, 100% used [0x9dac0000,0x9f8c0000,0x9f8c0000)
  from space 2304K, 99% used [0x9fb00000,0x9fd3c630,0x9fd40000)
  to   space 2304K, 0% used [0x9f8c0000,0x9f8c0000,0x9fb00000)
 ParOldGen       total 39936K, used 9447K [0x73040000, 0x75740000, 0x9dac0000)
  object space 39936K, 23% used [0x73040000,0x73979df0,0x75740000)
 PSPermGen       total 16384K, used 4104K [0x6b040000, 0x6c040000, 0x73040000)
  object space 16384K, 25% used [0x6b040000,0x6b4422b8,0x6c040000)
Event: 6.633 GC heap after
Heap after GC invocations=5 (full 0):
 PSYoungGen      total 33024K, used 2301K [0x9dac0000, 0xa2540000, 0xb3040000)
  eden space 30720K, 0% used [0x9dac0000,0x9dac0000,0x9f8c0000)
  from space 2304K, 99% used [0x9f8c0000,0x9faff798,0x9fb00000)
  to   space 7424K, 0% used [0xa1e00000,0xa1e00000,0xa2540000)
 ParOldGen       total 39936K, used 14394K [0x73040000, 0x75740000, 0x9dac0000)
  object space 39936K, 36% used [0x73040000,0x73e4ead0,0x75740000)
 PSPermGen       total 16384K, used 4104K [0x6b040000, 0x6c040000, 0x73040000)
  object space 16384K, 25% used [0x6b040000,0x6b4422b8,0x6c040000)
}
Event: 7.975 GC heap before
{Heap before GC invocations=6 (full 0):
 PSYoungGen      total 33024K, used 33021K [0x9dac0000, 0xa2540000, 0xb3040000)
  eden space 30720K, 100% used [0x9dac0000,0x9f8c0000,0x9f8c0000)
  from space 2304K, 99% used [0x9f8c0000,0x9faff798,0x9fb00000)
  to   space 7424K, 0% used [0xa1e00000,0xa1e00000,0xa2540000)
 ParOldGen       total 39936K, used 14394K [0x73040000, 0x75740000, 0x9dac0000)
  object space 39936K, 36% used [0x73040000,0x73e4ead0,0x75740000)
 PSPermGen       total 16384K, used 4127K [0x6b040000, 0x6c040000, 0x73040000)
  object space 16384K, 25% used [0x6b040000,0x6b447c90,0x6c040000)
Event: 8.044 GC heap after
Heap after GC invocations=6 (full 0):
 PSYoungGen      total 67840K, used 7422K [0x9dac0000, 0xa2740000, 0xb3040000)
  eden space 60416K, 0% used [0x9dac0000,0x9dac0000,0xa15c0000)
  from space 7424K, 99% used [0xa1e00000,0xa253fb28,0xa2540000)
  to   space 8448K, 0% used [0xa15c0000,0xa15c0000,0xa1e00000)
 ParOldGen       total 39936K, used 14561K [0x73040000, 0x75740000, 0x9dac0000)
  object space 39936K, 36% used [0x73040000,0x73e78508,0x75740000)
 PSPermGen       total 16384K, used 4127K [0x6b040000, 0x6c040000, 0x73040000)
  object space 16384K, 25% used [0x6b040000,0x6b447c90,0x6c040000)
}
Event: 10.254 GC heap before
{Heap before GC invocations=7 (full 0):
 PSYoungGen      total 67840K, used 67838K [0x9dac0000, 0xa2740000, 0xb3040000)
  eden space 60416K, 100% used [0x9dac0000,0xa15c0000,0xa15c0000)
  from space 7424K, 99% used [0xa1e00000,0xa253fb28,0xa2540000)
  to   space 8448K, 0% used [0xa15c0000,0xa15c0000,0xa1e00000)
 ParOldGen       total 39936K, used 14561K [0x73040000, 0x75740000, 0x9dac0000)
  object space 39936K, 36% used [0x73040000,0x73e78508,0x75740000)
 PSPermGen       total 16384K, used 4149K [0x6b040000, 0x6c040000, 0x73040000)
  object space 16384K, 25% used [0x6b040000,0x6b44d6c8,0x6c040000)

