# JRE version: OpenJDK Runtime Environment (7.0_85-b01) (build 1.7.0_85-b01)
# Java VM: OpenJDK Server VM (24.85-b03 mixed mode linux-x86 )
Heap
 PSYoungGen      total 258304K, used 7239K [0x9dac0000, 0xae440000, 0xb3040000)
  eden space 245248K, 0% used [0x9dac0000,0x9dac0000,0xaca40000)
  from space 13056K, 55% used [0xaca40000,0xad151de0,0xad700000)
  to   space 12544K, 0% used [0xad700000,0xad700000,0xae340000)
 ParOldGen       total 39936K, used 29821K [0x73040000, 0x75740000, 0x9dac0000)
  object space 39936K, 74% used [0x73040000,0x74d5f540,0x75740000)
 PSPermGen       total 16384K, used 5371K [0x6b040000, 0x6c040000, 0x73040000)
  object space 16384K, 32% used [0x6b040000,0x6b57ed48,0x6c040000)
GC Heap History (10 events):
Event: 3.590 GC heap after
Heap after GC invocations=4 (full 0):
 PSYoungGen      total 63744K, used 2295K [0x9dac0000, 0xa1b40000, 0xb3040000)
  eden space 61440K, 0% used [0x9dac0000,0x9dac0000,0xa16c0000)
  from space 2304K, 99% used [0xa1900000,0xa1b3df00,0xa1b40000)
  to   space 2304K, 0% used [0xa16c0000,0xa16c0000,0xa1900000)
 ParOldGen       total 39936K, used 18421K [0x73040000, 0x75740000, 0x9dac0000)
  object space 39936K, 46% used [0x73040000,0x7423d410,0x75740000)
 PSPermGen       total 16384K, used 4112K [0x6b040000, 0x6c040000, 0x73040000)
  object space 16384K, 25% used [0x6b040000,0x6b4441c0,0x6c040000)
}
Event: 7.574 GC heap before
{Heap before GC invocations=5 (full 0):
 PSYoungGen      total 63744K, used 63735K [0x9dac0000, 0xa1b40000, 0xb3040000)
  eden space 61440K, 100% used [0x9dac0000,0xa16c0000,0xa16c0000)
  from space 2304K, 99% used [0xa1900000,0xa1b3df00,0xa1b40000)
  to   space 2304K, 0% used [0xa16c0000,0xa16c0000,0xa1900000)
 ParOldGen       total 39936K, used 18421K [0x73040000, 0x75740000, 0x9dac0000)
  object space 39936K, 46% used [0x73040000,0x7423d410,0x75740000)
 PSPermGen       total 16384K, used 5276K [0x6b040000, 0x6c040000, 0x73040000)
  object space 16384K, 32% used [0x6b040000,0x6b5672a0,0x6c040000)
Event: 7.616 GC heap after
Heap after GC invocations=5 (full 0):
 PSYoungGen      total 63744K, used 2296K [0x9dac0000, 0xa6d40000, 0xb3040000)
  eden space 61440K, 0% used [0x9dac0000,0x9dac0000,0xa16c0000)
  from space 2304K, 99% used [0xa16c0000,0xa18fe3b0,0xa1900000)
  to   space 13568K, 0% used [0xa6000000,0xa6000000,0xa6d40000)
 ParOldGen       total 39936K, used 27521K [0x73040000, 0x75740000, 0x9dac0000)
  object space 39936K, 68% used [0x73040000,0x74b20468,0x75740000)
 PSPermGen       total 16384K, used 5276K [0x6b040000, 0x6c040000, 0x73040000)
  object space 16384K, 32% used [0x6b040000,0x6b5672a0,0x6c040000)
}
Event: 8.086 GC heap before
{Heap before GC invocations=6 (full 0):
 PSYoungGen      total 63744K, used 63736K [0x9dac0000, 0xa6d40000, 0xb3040000)
  eden space 61440K, 100% used [0x9dac0000,0xa16c0000,0xa16c0000)
  from space 2304K, 99% used [0xa16c0000,0xa18fe3b0,0xa1900000)
  to   space 13568K, 0% used [0xa6000000,0xa6000000,0xa6d40000)
 ParOldGen       total 39936K, used 27521K [0x73040000, 0x75740000, 0x9dac0000)
  object space 39936K, 68% used [0x73040000,0x74b20468,0x75740000)
 PSPermGen       total 16384K, used 5351K [0x6b040000, 0x6c040000, 0x73040000)
  object space 16384K, 32% used [0x6b040000,0x6b579d60,0x6c040000)
Event: 8.107 GC heap after
Heap after GC invocations=6 (full 0):
 PSYoungGen      total 135424K, used 6162K [0x9dac0000, 0xa6c40000, 0xb3040000)
  eden space 122880K, 0% used [0x9dac0000,0x9dac0000,0xa52c0000)
  from space 12544K, 49% used [0xa6000000,0xa6604ae8,0xa6c40000)
  to   space 13056K, 0% used [0xa52c0000,0xa52c0000,0xa5f80000)
 ParOldGen       total 39936K, used 27521K [0x73040000, 0x75740000, 0x9dac0000)
  object space 39936K, 68% used [0x73040000,0x74b20468,0x75740000)
 PSPermGen       total 16384K, used 5351K [0x6b040000, 0x6c040000, 0x73040000)
  object space 16384K, 32% used [0x6b040000,0x6b579d60,0x6c040000)
}
Event: 8.876 GC heap before
{Heap before GC invocations=7 (full 0):
 PSYoungGen      total 135424K, used 129042K [0x9dac0000, 0xa6c40000, 0xb3040000)
  eden space 122880K, 100% used [0x9dac0000,0xa52c0000,0xa52c0000)
  from space 12544K, 49% used [0xa6000000,0xa6604ae8,0xa6c40000)
  to   space 13056K, 0% used [0xa52c0000,0xa52c0000,0xa5f80000)
 ParOldGen       total 39936K, used 27521K [0x73040000, 0x75740000, 0x9dac0000)
  object space 39936K, 68% used [0x73040000,0x74b20468,0x75740000)
 PSPermGen       total 16384K, used 5362K [0x6b040000, 0x6c040000, 0x73040000)
  object space 16384K, 32% used [0x6b040000,0x6b57cb38,0x6c040000)
Event: 8.911 GC heap after
Heap after GC invocations=7 (full 0):
 PSYoungGen      total 135936K, used 6063K [0x9dac0000, 0xae340000, 0xb3040000)
  eden space 122880K, 0% used [0x9dac0000,0x9dac0000,0xa52c0000)
  from space 13056K, 46% used [0xa52c0000,0xa58abcf0,0xa5f80000)
  to   space 12544K, 0% used [0xad700000,0xad700000,0xae340000)
 ParOldGen       total 39936K, used 28460K [0x73040000, 0x75740000, 0x9dac0000)
  object space 39936K, 71% used [0x73040000,0x74c0b078,0x75740000)
 PSPermGen       total 16384K, used 5362K [0x6b040000, 0x6c040000, 0x73040000)
  object space 16384K, 32% used [0x6b040000,0x6b57cb38,0x6c040000)
}
Event: 9.360 GC heap before
{Heap before GC invocations=8 (full 0):
 PSYoungGen      total 135936K, used 128943K [0x9dac0000, 0xae340000, 0xb3040000)
  eden space 122880K, 100% used [0x9dac0000,0xa52c0000,0xa52c0000)
  from space 13056K, 46% used [0xa52c0000,0xa58abcf0,0xa5f80000)
  to   space 12544K, 0% used [0xad700000,0xad700000,0xae340000)
 ParOldGen       total 39936K, used 28460K [0x73040000, 0x75740000, 0x9dac0000)
  object space 39936K, 71% used [0x73040000,0x74c0b078,0x75740000)
 PSPermGen       total 16384K, used 5367K [0x6b040000, 0x6c040000, 0x73040000)
  object space 16384K, 32% used [0x6b040000,0x6b57df00,0x6c040000)
Event: 9.404 GC heap after
Heap after GC invocations=8 (full 0):
 PSYoungGen      total 257792K, used 9902K [0x9dac0000, 0xae440000, 0xb3040000)
  eden space 245248K, 0% used [0x9dac0000,0x9dac0000,0xaca40000)
  from space 12544K, 78% used [0xad700000,0xae0ab980,0xae340000)
  to   space 13056K, 0% used [0xaca40000,0xaca40000,0xad700000)
 ParOldGen       total 39936K, used 29414K [0x73040000, 0x75740000, 0x9dac0000)
  object space 39936K, 73% used [0x73040000,0x74cf9b48,0x75740000)
 PSPermGen       total 16384K, used 5367K [0x6b040000, 0x6c040000, 0x73040000)
  object space 16384K, 32% used [0x6b040000,0x6b57df00,0x6c040000)
}
Event: 10.140 GC heap before
{Heap before GC invocations=9 (full 0):
 PSYoungGen      total 257792K, used 252984K [0x9dac0000, 0xae440000, 0xb3040000)
  eden space 245248K, 99% used [0x9dac0000,0xac8229c0,0xaca40000)
  from space 12544K, 78% used [0xad700000,0xae0ab980,0xae340000)
  to   space 13056K, 0% used [0xaca40000,0xaca40000,0xad700000)
 ParOldGen       total 39936K, used 29414K [0x73040000, 0x75740000, 0x9dac0000)
  object space 39936K, 73% used [0x73040000,0x74cf9b48,0x75740000)
 PSPermGen       total 16384K, used 5371K [0x6b040000, 0x6c040000, 0x73040000)
  object space 16384K, 32% used [0x6b040000,0x6b57ed48,0x6c040000)

