# JRE version: OpenJDK Runtime Environment (7.0_85-b01) (build 1.7.0_85-b01)
# Java VM: OpenJDK Server VM (24.85-b03 mixed mode linux-x86 )
Heap
 PSYoungGen      total 63744K, used 2301K [0x9dbc0000, 0xa1c40000, 0xb3140000)
  eden space 61440K, 0% used [0x9dbc0000,0x9dbc0000,0xa17c0000)
  from space 2304K, 99% used [0xa17c0000,0xa19ff6e0,0xa1a00000)
  to   space 2304K, 0% used [0xa1a00000,0xa1a00000,0xa1c40000)
 ParOldGen       total 39936K, used 24311K [0x73140000, 0x75840000, 0x9dbc0000)
  object space 39936K, 60% used [0x73140000,0x748fddb8,0x75840000)
 PSPermGen       total 16384K, used 4140K [0x6b140000, 0x6c140000, 0x73140000)
  object space 16384K, 25% used [0x6b140000,0x6b54b110,0x6c140000)
GC Heap History (9 events):
Event: 1.879 GC heap before
{Heap before GC invocations=1 (full 0):
 PSYoungGen      total 17664K, used 15360K [0x9dbc0000, 0x9ef40000, 0xb3140000)
  eden space 15360K, 100% used [0x9dbc0000,0x9eac0000,0x9eac0000)
  from space 2304K, 0% used [0x9ed00000,0x9ed00000,0x9ef40000)
  to   space 2304K, 0% used [0x9eac0000,0x9eac0000,0x9ed00000)
 ParOldGen       total 39936K, used 0K [0x73140000, 0x75840000, 0x9dbc0000)
  object space 39936K, 0% used [0x73140000,0x73140000,0x75840000)
 PSPermGen       total 16384K, used 3962K [0x6b140000, 0x6c140000, 0x73140000)
  object space 16384K, 24% used [0x6b140000,0x6b51e9d8,0x6c140000)
Event: 1.897 GC heap after
Heap after GC invocations=1 (full 0):
 PSYoungGen      total 17664K, used 2299K [0x9dbc0000, 0x9fe40000, 0xb3140000)
  eden space 15360K, 0% used [0x9dbc0000,0x9dbc0000,0x9eac0000)
  from space 2304K, 99% used [0x9eac0000,0x9ecfecb0,0x9ed00000)
  to   space 2304K, 0% used [0x9fc00000,0x9fc00000,0x9fe40000)
 ParOldGen       total 39936K, used 1549K [0x73140000, 0x75840000, 0x9dbc0000)
  object space 39936K, 3% used [0x73140000,0x732c36f8,0x75840000)
 PSPermGen       total 16384K, used 3962K [0x6b140000, 0x6c140000, 0x73140000)
  object space 16384K, 24% used [0x6b140000,0x6b51e9d8,0x6c140000)
}
Event: 2.714 GC heap before
{Heap before GC invocations=2 (full 0):
 PSYoungGen      total 17664K, used 17659K [0x9dbc0000, 0x9fe40000, 0xb3140000)
  eden space 15360K, 100% used [0x9dbc0000,0x9eac0000,0x9eac0000)
  from space 2304K, 99% used [0x9eac0000,0x9ecfecb0,0x9ed00000)
  to   space 2304K, 0% used [0x9fc00000,0x9fc00000,0x9fe40000)
 ParOldGen       total 39936K, used 1549K [0x73140000, 0x75840000, 0x9dbc0000)
  object space 39936K, 3% used [0x73140000,0x732c36f8,0x75840000)
 PSPermGen       total 16384K, used 4053K [0x6b140000, 0x6c140000, 0x73140000)
  object space 16384K, 24% used [0x6b140000,0x6b5357a0,0x6c140000)
Event: 2.740 GC heap after
Heap after GC invocations=2 (full 0):
 PSYoungGen      total 33024K, used 2298K [0x9dbc0000, 0x9fe40000, 0xb3140000)
  eden space 30720K, 0% used [0x9dbc0000,0x9dbc0000,0x9f9c0000)
  from space 2304K, 99% used [0x9fc00000,0x9fe3eaf0,0x9fe40000)
  to   space 2304K, 0% used [0x9f9c0000,0x9f9c0000,0x9fc00000)
 ParOldGen       total 39936K, used 3957K [0x73140000, 0x75840000, 0x9dbc0000)
  object space 39936K, 9% used [0x73140000,0x7351d598,0x75840000)
 PSPermGen       total 16384K, used 4053K [0x6b140000, 0x6c140000, 0x73140000)
  object space 16384K, 24% used [0x6b140000,0x6b5357a0,0x6c140000)
}
Event: 4.349 GC heap before
{Heap before GC invocations=3 (full 0):
 PSYoungGen      total 33024K, used 33018K [0x9dbc0000, 0x9fe40000, 0xb3140000)
  eden space 30720K, 100% used [0x9dbc0000,0x9f9c0000,0x9f9c0000)
  from space 2304K, 99% used [0x9fc00000,0x9fe3eaf0,0x9fe40000)
  to   space 2304K, 0% used [0x9f9c0000,0x9f9c0000,0x9fc00000)
 ParOldGen       total 39936K, used 3957K [0x73140000, 0x75840000, 0x9dbc0000)
  object space 39936K, 9% used [0x73140000,0x7351d598,0x75840000)
 PSPermGen       total 16384K, used 4088K [0x6b140000, 0x6c140000, 0x73140000)
  object space 16384K, 24% used [0x6b140000,0x6b53e048,0x6c140000)
Event: 4.415 GC heap after
Heap after GC invocations=3 (full 0):
 PSYoungGen      total 33024K, used 2292K [0x9dbc0000, 0xa1c40000, 0xb3140000)
  eden space 30720K, 0% used [0x9dbc0000,0x9dbc0000,0x9f9c0000)
  from space 2304K, 99% used [0x9f9c0000,0x9fbfd0d8,0x9fc00000)
  to   space 2304K, 0% used [0xa1a00000,0xa1a00000,0xa1c40000)
 ParOldGen       total 39936K, used 9168K [0x73140000, 0x75840000, 0x9dbc0000)
  object space 39936K, 22% used [0x73140000,0x73a34250,0x75840000)
 PSPermGen       total 16384K, used 4088K [0x6b140000, 0x6c140000, 0x73140000)
  object space 16384K, 24% used [0x6b140000,0x6b53e048,0x6c140000)
}
Event: 5.631 GC heap before
{Heap before GC invocations=4 (full 0):
 PSYoungGen      total 33024K, used 33012K [0x9dbc0000, 0xa1c40000, 0xb3140000)
  eden space 30720K, 100% used [0x9dbc0000,0x9f9c0000,0x9f9c0000)
  from space 2304K, 99% used [0x9f9c0000,0x9fbfd0d8,0x9fc00000)
  to   space 2304K, 0% used [0xa1a00000,0xa1a00000,0xa1c40000)
 ParOldGen       total 39936K, used 9168K [0x73140000, 0x75840000, 0x9dbc0000)
  object space 39936K, 22% used [0x73140000,0x73a34250,0x75840000)
 PSPermGen       total 16384K, used 4104K [0x6b140000, 0x6c140000, 0x73140000)
  object space 16384K, 25% used [0x6b140000,0x6b542368,0x6c140000)
Event: 5.699 GC heap after
Heap after GC invocations=4 (full 0):
 PSYoungGen      total 63744K, used 2290K [0x9dbc0000, 0xa1c40000, 0xb3140000)
  eden space 61440K, 0% used [0x9dbc0000,0x9dbc0000,0xa17c0000)
  from space 2304K, 99% used [0xa1a00000,0xa1c3cba8,0xa1c40000)
  to   space 2304K, 0% used [0xa17c0000,0xa17c0000,0xa1a00000)
 ParOldGen       total 39936K, used 14146K [0x73140000, 0x75840000, 0x9dbc0000)
  object space 39936K, 35% used [0x73140000,0x73f109d8,0x75840000)
 PSPermGen       total 16384K, used 4104K [0x6b140000, 0x6c140000, 0x73140000)
  object space 16384K, 25% used [0x6b140000,0x6b542368,0x6c140000)
}
Event: 7.686 GC heap before
{Heap before GC invocations=5 (full 0):
 PSYoungGen      total 63744K, used 63730K [0x9dbc0000, 0xa1c40000, 0xb3140000)
  eden space 61440K, 100% used [0x9dbc0000,0xa17c0000,0xa17c0000)
  from space 2304K, 99% used [0xa1a00000,0xa1c3cba8,0xa1c40000)
  to   space 2304K, 0% used [0xa17c0000,0xa17c0000,0xa1a00000)
 ParOldGen       total 39936K, used 14146K [0x73140000, 0x75840000, 0x9dbc0000)
  object space 39936K, 35% used [0x73140000,0x73f109d8,0x75840000)
 PSPermGen       total 16384K, used 4140K [0x6b140000, 0x6c140000, 0x73140000)
  object space 16384K, 25% used [0x6b140000,0x6b54b110,0x6c140000)

