# JRE version: OpenJDK Runtime Environment (7.0_85-b01) (build 1.7.0_85-b01)
# Java VM: OpenJDK Server VM (24.85-b03 mixed mode linux-x86 )
Heap
 PSYoungGen      total 134400K, used 8280K [0x9dbc0000, 0xa6a40000, 0xb3140000)
  eden space 122880K, 0% used [0x9dbc0000,0x9dbc0000,0xa53c0000)
  from space 11520K, 71% used [0xa53c0000,0xa5bd61c0,0xa5f00000)
  to   space 11008K, 0% used [0xa5f80000,0xa5f80000,0xa6a40000)
 ParOldGen       total 39936K, used 26446K [0x73140000, 0x75840000, 0x9dbc0000)
  object space 39936K, 66% used [0x73140000,0x74b13bc0,0x75840000)
 PSPermGen       total 16384K, used 5360K [0x6b140000, 0x6c140000, 0x73140000)
  object space 16384K, 32% used [0x6b140000,0x6b67c200,0x6c140000)
GC Heap History (10 events):
Event: 1.740 GC heap after
Heap after GC invocations=2 (full 0):
 PSYoungGen      total 33024K, used 2299K [0x9dbc0000, 0x9fe40000, 0xb3140000)
  eden space 30720K, 0% used [0x9dbc0000,0x9dbc0000,0x9f9c0000)
  from space 2304K, 99% used [0x9fc00000,0x9fe3ee70,0x9fe40000)
  to   space 2304K, 0% used [0x9f9c0000,0x9f9c0000,0x9fc00000)
 ParOldGen       total 39936K, used 4706K [0x73140000, 0x75840000, 0x9dbc0000)
  object space 39936K, 11% used [0x73140000,0x735d8ac8,0x75840000)
 PSPermGen       total 16384K, used 3751K [0x6b140000, 0x6c140000, 0x73140000)
  object space 16384K, 22% used [0x6b140000,0x6b4e9cc8,0x6c140000)
}
Event: 2.624 GC heap before
{Heap before GC invocations=3 (full 0):
 PSYoungGen      total 33024K, used 33019K [0x9dbc0000, 0x9fe40000, 0xb3140000)
  eden space 30720K, 100% used [0x9dbc0000,0x9f9c0000,0x9f9c0000)
  from space 2304K, 99% used [0x9fc00000,0x9fe3ee70,0x9fe40000)
  to   space 2304K, 0% used [0x9f9c0000,0x9f9c0000,0x9fc00000)
 ParOldGen       total 39936K, used 4706K [0x73140000, 0x75840000, 0x9dbc0000)
  object space 39936K, 11% used [0x73140000,0x735d8ac8,0x75840000)
 PSPermGen       total 16384K, used 3825K [0x6b140000, 0x6c140000, 0x73140000)
  object space 16384K, 23% used [0x6b140000,0x6b4fc630,0x6c140000)
Event: 2.694 GC heap after
Heap after GC invocations=3 (full 0):
 PSYoungGen      total 33024K, used 2291K [0x9dbc0000, 0xa1c40000, 0xb3140000)
  eden space 30720K, 0% used [0x9dbc0000,0x9dbc0000,0x9f9c0000)
  from space 2304K, 99% used [0x9f9c0000,0x9fbfcc70,0x9fc00000)
  to   space 2304K, 0% used [0xa1a00000,0xa1a00000,0xa1c40000)
 ParOldGen       total 39936K, used 10455K [0x73140000, 0x75840000, 0x9dbc0000)
  object space 39936K, 26% used [0x73140000,0x73b75d78,0x75840000)
 PSPermGen       total 16384K, used 3825K [0x6b140000, 0x6c140000, 0x73140000)
  object space 16384K, 23% used [0x6b140000,0x6b4fc630,0x6c140000)
}
Event: 3.318 GC heap before
{Heap before GC invocations=4 (full 0):
 PSYoungGen      total 33024K, used 32459K [0x9dbc0000, 0xa1c40000, 0xb3140000)
  eden space 30720K, 98% used [0x9dbc0000,0x9f935fd8,0x9f9c0000)
  from space 2304K, 99% used [0x9f9c0000,0x9fbfcc70,0x9fc00000)
  to   space 2304K, 0% used [0xa1a00000,0xa1a00000,0xa1c40000)
 ParOldGen       total 39936K, used 10455K [0x73140000, 0x75840000, 0x9dbc0000)
  object space 39936K, 26% used [0x73140000,0x73b75d78,0x75840000)
 PSPermGen       total 16384K, used 4109K [0x6b140000, 0x6c140000, 0x73140000)
  object space 16384K, 25% used [0x6b140000,0x6b543670,0x6c140000)
Event: 3.386 GC heap after
Heap after GC invocations=4 (full 0):
 PSYoungGen      total 63744K, used 2294K [0x9dbc0000, 0xa1c40000, 0xb3140000)
  eden space 61440K, 0% used [0x9dbc0000,0x9dbc0000,0xa17c0000)
  from space 2304K, 99% used [0xa1a00000,0xa1c3da38,0xa1c40000)
  to   space 2304K, 0% used [0xa17c0000,0xa17c0000,0xa1a00000)
 ParOldGen       total 39936K, used 19152K [0x73140000, 0x75840000, 0x9dbc0000)
  object space 39936K, 47% used [0x73140000,0x743f4050,0x75840000)
 PSPermGen       total 16384K, used 4109K [0x6b140000, 0x6c140000, 0x73140000)
  object space 16384K, 25% used [0x6b140000,0x6b543670,0x6c140000)
}
Event: 7.454 GC heap before
{Heap before GC invocations=5 (full 0):
 PSYoungGen      total 63744K, used 62925K [0x9dbc0000, 0xa1c40000, 0xb3140000)
  eden space 61440K, 98% used [0x9dbc0000,0xa16f5cd0,0xa17c0000)
  from space 2304K, 99% used [0xa1a00000,0xa1c3da38,0xa1c40000)
  to   space 2304K, 0% used [0xa17c0000,0xa17c0000,0xa1a00000)
 ParOldGen       total 39936K, used 19152K [0x73140000, 0x75840000, 0x9dbc0000)
  object space 39936K, 47% used [0x73140000,0x743f4050,0x75840000)
 PSPermGen       total 16384K, used 5273K [0x6b140000, 0x6c140000, 0x73140000)
  object space 16384K, 32% used [0x6b140000,0x6b6665a8,0x6c140000)
Event: 7.477 GC heap after
Heap after GC invocations=5 (full 0):
 PSYoungGen      total 63744K, used 2300K [0x9dbc0000, 0xa6b40000, 0xb3140000)
  eden space 61440K, 0% used [0x9dbc0000,0x9dbc0000,0xa17c0000)
  from space 2304K, 99% used [0xa17c0000,0xa19ff108,0xa1a00000)
  to   space 12032K, 0% used [0xa5f80000,0xa5f80000,0xa6b40000)
 ParOldGen       total 39936K, used 25499K [0x73140000, 0x75840000, 0x9dbc0000)
  object space 39936K, 63% used [0x73140000,0x74a26da0,0x75840000)
 PSPermGen       total 16384K, used 5273K [0x6b140000, 0x6c140000, 0x73140000)
  object space 16384K, 32% used [0x6b140000,0x6b6665a8,0x6c140000)
}
Event: 7.930 GC heap before
{Heap before GC invocations=6 (full 0):
 PSYoungGen      total 63744K, used 63740K [0x9dbc0000, 0xa6b40000, 0xb3140000)
  eden space 61440K, 100% used [0x9dbc0000,0xa17c0000,0xa17c0000)
  from space 2304K, 99% used [0xa17c0000,0xa19ff108,0xa1a00000)
  to   space 12032K, 0% used [0xa5f80000,0xa5f80000,0xa6b40000)
 ParOldGen       total 39936K, used 25499K [0x73140000, 0x75840000, 0x9dbc0000)
  object space 39936K, 63% used [0x73140000,0x74a26da0,0x75840000)
 PSPermGen       total 16384K, used 5350K [0x6b140000, 0x6c140000, 0x73140000)
  object space 16384K, 32% used [0x6b140000,0x6b679920,0x6c140000)
Event: 7.964 GC heap after
Heap after GC invocations=6 (full 0):
 PSYoungGen      total 133888K, used 6393K [0x9dbc0000, 0xa6a40000, 0xb3140000)
  eden space 122880K, 0% used [0x9dbc0000,0x9dbc0000,0xa53c0000)
  from space 11008K, 58% used [0xa5f80000,0xa65be6d0,0xa6a40000)
  to   space 11520K, 0% used [0xa53c0000,0xa53c0000,0xa5f00000)
 ParOldGen       total 39936K, used 25499K [0x73140000, 0x75840000, 0x9dbc0000)
  object space 39936K, 63% used [0x73140000,0x74a26da0,0x75840000)
 PSPermGen       total 16384K, used 5350K [0x6b140000, 0x6c140000, 0x73140000)
  object space 16384K, 32% used [0x6b140000,0x6b679920,0x6c140000)
}
Event: 8.664 GC heap before
{Heap before GC invocations=7 (full 0):
 PSYoungGen      total 133888K, used 129273K [0x9dbc0000, 0xa6a40000, 0xb3140000)
  eden space 122880K, 100% used [0x9dbc0000,0xa53c0000,0xa53c0000)
  from space 11008K, 58% used [0xa5f80000,0xa65be6d0,0xa6a40000)
  to   space 11520K, 0% used [0xa53c0000,0xa53c0000,0xa5f00000)
 ParOldGen       total 39936K, used 25499K [0x73140000, 0x75840000, 0x9dbc0000)
  object space 39936K, 63% used [0x73140000,0x74a26da0,0x75840000)
 PSPermGen       total 16384K, used 5360K [0x6b140000, 0x6c140000, 0x73140000)
  object space 16384K, 32% used [0x6b140000,0x6b67c200,0x6c140000)

